88.75 88.90 DLR=100,100 : "Q":1,"I":1,"L":0,"P":[100,100],"T":[35,35],"R":[0,0],"W":[0,0],"S":0,"D":36,"F":-1,"N":[-995,9951],"X":[-3,36],"U":82,"UC":0,"TV":1,"LOG":[0,0],
97.06 97.21 DLR=100,100 : "Q":5,"I":2,"L":0,"P":[100,100],"T":[35,35],"R":[0,0],"W":[0,0],"S":0,"D":65,"F":0,"N":[-516,9987],"X":[-5,64],"U":85,"UC":0,"TV":1,"LOG":[0,0],
97.48 97.63 DLR=100,100 : "Q":5,"I":3,"L":417,"P":[157,157],"T":[35,35],"R":[26,26],"W":[78,78],"S":26,"D":72,"F":0,"N":[-516,9987],"X":[-5,71],"U":41,"UC":0,"TV":0,"LOG":[2,2],
100.45 100.60 DLR=100,100 : "Q":5,"I":4,"L":0,"P":[100,100],"T":[35,35],"R":[0,0],"W":[0,0],"S":0,"D":126,"F":-1,"N":[-989,9951],"X":[-8,125],"U":92,"UC":0,"TV":1,"LOG":[0,0],
100.92 101.07 DLR=100,100 : "Q":5,"I":5,"L":467,"P":[141,145],"T":[35,35],"R":[40,40],"W":[120,120],"S":40,"D":141,"F":0,"N":[-514,9987],"X":[-9,140],"U":69,"UC":0,"TV":0,"LOG":[3,3],
103.31 103.46 DLR=100,100 : "Q":5,"I":6,"L":0,"P":[100,100],"T":[35,35],"R":[0,0],"W":[0,0],"S":0,"D":185,"F":-1,"N":[-1922,9813],"X":[-12,183],"U":46,"UC":0,"TV":1,"LOG":[0,0],
103.86 104.01 DLR=100,100 : "Q":5,"I":7,"L":541,"P":[200,200],"T":[35,35],"R":[29,26],"W":[87,78],"S":27,"D":194,"F":-1,"N":[-1357,9908],"X":[-14,192],"U":45,"UC":0,"TV":0,"LOG":[3,3],
104.16 104.31 DLR=100,100 : "Q":5,"I":8,"L":301,"P":[200,200],"T":[35,35],"R":[32,26],"W":[96,78],"S":29,"D":205,"F":0,"N":[-313,9996],"X":[-14,203],"U":115,"UC":0,"TV":0,"LOG":[5,5],
104.46 104.61 DLR=100,100 : "Q":5,"I":9,"L":295,"P":[200,200],"T":[35,35],"R":[26,26],"W":[78,78],"S":26,"D":215,"F":0,"N":[446,9990],"X":[-14,213],"U":100,"UC":0,"TV":0,"LOG":[7,7],
108.16 108.31 DLR=100,100 : "Q":5,"I":10,"L":0,"P":[100,100],"T":[35,35],"R":[0,0],"W":[0,0],"S":0,"D":245,"F":4,"N":[4222,9065],"X":[-6,241],"U":4,"UC":0,"TV":1,"LOG":[0,0],
108.56 108.71 DLR=100,100 : "Q":5,"I":11,"L":396,"P":[179,200],"T":[35,35],"R":[24,10],"W":[72,30],"S":17,"D":248,"F":6,"N":[5304,8478],"X":[-4,244],"U":5,"UC":0,"TV":0,"LOG":[2,2],
110.18 110.32 DLR=100,100 : "Q":5,"I":12,"L":0,"P":[100,100],"T":[35,35],"R":[0,0],"W":[0,0],"S":0,"D":289,"F":10,"N":[8225,5687],"X":[26,269],"U":3,"UC":0,"TV":1,"LOG":[0,0],
110.68 110.84 DLR=100,100 : "Q":5,"I":13,"L":513,"P":[172,200],"T":[35,35],"R":[40,26],"W":[120,78],"S":33,"D":299,"F":12,"N":[9170,3990],"X":[35,274],"U":3,"UC":0,"TV":0,"LOG":[3,3],
110.99 111.13 DLR=100,100 : "Q":5,"I":14,"L":292,"P":[157,193],"T":[35,35],"R":[37,40],"W":[111,120],"S":38,"D":315,"F":13,"N":[9521,3059],"X":[50,278],"U":2,"UC":0,"TV":0,"LOG":[5,5],
111.31 111.45 DLR=100,100 : "Q":5,"I":15,"L":318,"P":[150,200],"T":[35,35],"R":[34,34],"W":[102,102],"S":34,"D":329,"F":14,"N":[9714,2373],"X":[64,281],"U":3,"UC":0,"TV":0,"LOG":[7,7],
134.25 134.41 DLR=100,100 : "Q":5,"I":16,"L":0,"P":[100,100],"T":[35,35],"R":[0,0],"W":[0,0],"S":0,"D":372,"F":13,"N":[9507,3100],"X":[105,293],"U":86,"UC":0,"TV":1,"LOG":[0,0],
134.70 134.85 DLR=0,0 : "Q":3,"I":17,"L":448,"P":[0,0],"T":[35,35],"R":[0,0],"W":[0,0],"S":0,"D":387,"F":12,"N":[9431,3325],"X":[119,298],"U":74,"UC":0,"TV":0,"LOG":[3,3],
136.82 136.96 DLR=0,0 : "Q":3,"I":18,"L":2552,"P":[0,0],"T":[35,35],"R":[0,0],"W":[0,0],"S":0,"D":387,"F":12,"N":[9431,3325],"X":[119,298],"U":95,"UC":0,"TV":0,"LOG":[3,3],
138.76 138.91 DLR=60,-20 : "Q":1,"I":19,"L":0,"P":[60,20],"T":[21,7],"R":[0,0],"W":[0,0],"S":0,"D":387,"F":12,"N":[9431,3325],"X":[119,298],"U":93,"UC":0,"TV":1,"LOG":[0,0],
140.42 140.57 DLR=0,0 : "Q":3,"I":20,"L":1647,"P":[0,0],"T":[21,7],"R":[0,0],"W":[0,0],"S":0,"D":387,"F":12,"N":[9431,3325],"X":[119,298],"U":103,"UC":0,"TV":0,"LOG":[6,6],
141.73 141.88 DLR=-20,60 : "Q":1,"I":21,"L":0,"P":[20,60],"T":[7,21],"R":[0,0],"W":[0,0],"S":0,"D":387,"F":12,"N":[9431,3325],"X":[119,298],"U":77,"UC":0,"TV":1,"LOG":[0,0],
143.61 143.75 DLR=0,0 : "Q":3,"I":22,"L":1863,"P":[0,0],"T":[7,21],"R":[0,0],"W":[0,0],"S":0,"D":387,"F":12,"N":[9431,3325],"X":[119,298],"U":65,"UC":0,"TV":0,"LOG":[6,6],
144.45 144.59 DLR=60,-20 : "Q":1,"I":23,"L":0,"P":[60,20],"T":[21,7],"R":[0,0],"W":[0,0],"S":0,"D":387,"F":12,"N":[9431,3325],"X":[119,298],"U":58,"UC":0,"TV":1,"LOG":[0,0],
145.86 146.01 DLR=0,0 : "Q":3,"I":24,"L":1402,"P":[0,0],"T":[21,7],"R":[0,0],"W":[0,0],"S":0,"D":387,"F":12,"N":[9431,3325],"X":[119,298],"U":99,"UC":0,"TV":0,"LOG":[6,6],
146.37 146.51 DLR=100,100 : "Q":1,"I":25,"L":0,"P":[100,100],"T":[35,35],"R":[0,0],"W":[0,0],"S":0,"D":387,"F":12,"N":[9431,3325],"X":[119,298],"U":74,"UC":0,"TV":1,"LOG":[0,0],
146.67 146.82 DLR=100,100 : "Q":5,"I":26,"L":305,"P":[100,100],"T":[35,35],"R":[21,21],"W":[63,63],"S":21,"D":392,"F":12,"N":[9350,3548],"X":[124,300],"U":58,"UC":0,"TV":0,"LOG":[2,2],
147.09 147.24 DLR=0,0 : "Q":3,"I":27,"L":409,"P":[0,0],"T":[35,35],"R":[0,0],"W":[0,0],"S":0,"D":410,"F":12,"N":[9152,4031],"X":[141,307],"U":102,"UC":0,"TV":0,"LOG":[5,5],
148.86 149.11 Log : "Q":4,"I":28,"LCNT":5,"LOGR":"0:25:150:(8,10)(27,25)(8,2)(0,0)(100,100);1:25:150:(21,21)(14,14)(8,2)(0,0)(100,100);2:26:150:(26,32)(9,3)(13,4)(9,3)(120,106);3:26:150:(34,32)(1,3)(7,5)(-8,0)(120,111);4:27:115:(38,41)(-3,-6)(0,-4)(-4,-9)(115,99);5:23:75:(0,0)(35,35)(8,2)(0,0)(60,20);6:14:150:(34,34)(1,1)(-2,3)(6,-2)(150,200);7:15:160:(35,42)(0,-7)(-1,-6)(-1,-8)(149,186);",
149.42 149.56 DLR=0,0 : "Q":3,"I":29,"L":2724,"P":[0,0],"T":[35,35],"R":[0,0],"W":[0,0],"S":0,"D":410,"F":12,"N":[9152,4031],"X":[141,307],"U":92,"UC":0,"TV":0,"LOG":[0,0],
182.54 182.69 DLR=100,100 : "Q":1,"I":30,"L":0,"P":[100,100],"T":[35,35],"R":[0,0],"W":[0,0],"S":0,"D":410,"F":12,"N":[9152,4031],"X":[141,307],"U":78,"UC":0,"TV":1,"LOG":[0,0],
185.97 186.12 DLR=0,0 : "Q":3,"I":31,"L":3403,"P":[0,0],"T":[35,35],"R":[0,0],"W":[0,0],"S":0,"D":438,"F":10,"N":[8332,5528],"X":[164,321],"U":94,"UC":0,"TV":0,"LOG":[6,6],
192.59 192.74 DLR=100,100 : "Q":1,"I":32,"L":0,"P":[100,100],"T":[35,35],"R":[0,0],"W":[0,0],"S":0,"D":438,"F":10,"N":[8332,5528],"X":[164,321],"U":87,"UC":0,"TV":1,"LOG":[0,0],
193.04 193.18 DLR=0,0 : "Q":3,"I":33,"L":439,"P":[0,0],"T":[35,35],"R":[0,0],"W":[0,0],"S":0,"D":449,"F":9,"N":[7740,6332],"X":[173,328],"U":67,"UC":0,"TV":0,"LOG":[3,3],
197.50 197.65 DLR=-20,60 : "Q":1,"I":34,"L":0,"P":[20,60],"T":[7,21],"R":[0,0],"W":[0,0],"S":0,"D":449,"F":9,"N":[7740,6332],"X":[173,328],"U":78,"UC":0,"TV":1,"LOG":[0,0],
198.07 198.22 DLR=-20,60 : "Q":5,"I":35,"L":563,"P":[20,60],"T":[7,21],"R":[0,0],"W":[0,0],"S":0,"D":449,"F":9,"N":[7740,6332],"X":[173,328],"U":97,"UC":0,"TV":0,"LOG":[3,3],
198.46 198.61 DLR=-20,60 : "Q":5,"I":36,"L":391,"P":[61,121],"T":[7,21],"R":[0,24],"W":[0,72],"S":12,"D":452,"F":6,"N":[5826,8128],"X":[175,330],"U":63,"UC":0,"TV":0,"LOG":[6,6],
199.13 199.28 DLR=0,0 : "Q":3,"I":37,"L":661,"P":[0,0],"T":[7,21],"R":[0,0],"W":[0,0],"S":0,"D":468,"F":-7,"N":[-6606,7507],"X":[171,343],"U":105,"UC":0,"TV":0,"LOG":[11,3],
200.36 200.51 DLR=60,-20 : "Q":1,"I":38,"L":0,"P":[60,20],"T":[21,7],"R":[0,0],"W":[0,0],"S":0,"D":468,"F":-7,"N":[-6606,7507],"X":[171,343],"U":89,"UC":0,"TV":1,"LOG":[0,0],
200.90 201.05 DLR=60,-20 : "Q":5,"I":39,"L":536,"P":[60,20],"T":[21,7],"R":[0,0],"W":[0,0],"S":0,"D":468,"F":-7,"N":[-6606,7507],"X":[171,343],"U":103,"UC":0,"TV":0,"LOG":[3,3],
201.35 201.51 DLR=60,-20 : "Q":5,"I":40,"L":449,"P":[117,54],"T":[21,7],"R":[21,0],"W":[63,0],"S":10,"D":471,"F":-4,"N":[-4205,9073],"X":[170,346],"U":132,"UC":0,"TV":0,"LOG":[6,6],
201.74 201.89 DLR=0,0 : "Q":3,"I":41,"L":381,"P":[0,0],"T":[21,7],"R":[0,0],"W":[0,0],"S":0,"D":480,"F":4,"N":[4358,9001],"X":[171,355],"U":68,"UC":0,"TV":0,"LOG":[10,2],
204.11 204.36 Log : "Q":4,"I":42,"LCNT":10,"LOGR":"8:40:150:(32,0)(-11,7)(-18,13)(0,0)(60,93);9:41:16:(25,0)(-4,7)(-13,13)(7,0)(53,106);2:38:150:(0,0)(21,7)(-5,-10)(0,0)(60,20);3:39:150:(0,0)(21,7)(19,2)(21,7)(101,31);4:39:150:(10,0)(11,7)(20,8)(-10,0)(117,42);5:39:150:(21,0)(0,7)(10,11)(-11,0)(117,54);6:40:150:(32,0)(-11,7)(-6,12)(-11,0)(98,67);7:40:150:(32,0)(-11,7)(-14,13)(0,0)(80,80);",
204.71 204.86 DLR=0,0 : "Q":3,"I":43,"L":3338,"P":[0,0],"T":[21,7],"R":[0,0],"W":[0,0],"S":0,"D":480,"F":4,"N":[4358,9001],"X":[171,355],"U":127,"UC":0,"TV":0,"LOG":[0,0],
215.13 215.27 DLR=60,-20 : "Q":1,"I":44,"L":0,"P":[60,20],"T":[21,7],"R":[0,0],"W":[0,0],"S":0,"D":480,"F":4,"N":[4358,9001],"X":[171,355],"U":83,"UC":0,"TV":1,"LOG":[0,0],
215.60 215.75 DLR=60,-20 : "Q":5,"I":45,"L":473,"P":[60,20],"T":[21,7],"R":[0,0],"W":[0,0],"S":0,"D":480,"F":4,"N":[4358,9001],"X":[171,355],"U":100,"UC":0,"TV":0,"LOG":[3,3],
215.95 216.09 DLR=60,-20 : "Q":5,"I":46,"L":341,"P":[118,50],"T":[21,7],"R":[8,0],"W":[24,0],"S":4,"D":481,"F":5,"N":[4987,8668],"X":[172,356],"U":84,"UC":0,"TV":0,"LOG":[5,5],
216.27 216.41 DLR=0,0 : "Q":3,"I":47,"L":320,"P":[0,0],"T":[21,7],"R":[0,0],"W":[0,0],"S":0,"D":488,"F":12,"N":[9293,3692],"X":[177,359],"U":65,"UC":0,"TV":0,"LOG":[8,0],
217.89 218.14 Log : "Q":4,"I":48,"LCNT":8,"LOGR":"0:44:150:(0,0)(21,7)(-13,13)(0,0)(60,20);1:44:150:(0,0)(21,7)(-13,13)(0,0)(60,20);2:44:150:(0,0)(21,7)(-13,13)(0,0)(60,20);3:45:150:(0,0)(21,7)(15,13)(21,7)(99,37);4:45:150:(8,0)(13,7)(20,13)(-8,0)(118,50);5:46:180:(24,0)(-3,7)(7,13)(-16,0)(111,63);6:46:150:(32,0)(-11,7)(-8,13)(-8,0)(92,76);7:47:55:(36,0)(-15,7)(-19,13)(-4,0)(66,89);",
218.37 218.51 DLR=0,0 : "Q":3,"I":49,"L":2406,"P":[0,0],"T":[21,7],"R":[0,0],"W":[0,0],"S":0,"D":488,"F":12,"N":[9293,3692],"X":[177,359],"U":71,"UC":0,"TV":0,"LOG":[0,0],
219.66 219.81 DLR=-20,60 : "Q":1,"I":50,"L":0,"P":[20,60],"T":[7,21],"R":[0,0],"W":[0,0],"S":0,"D":488,"F":12,"N":[9293,3692],"X":[177,359],"U":69,"UC":0,"TV":1,"LOG":[0,0],
220.08 220.23 DLR=-20,60 : "Q":5,"I":51,"L":417,"P":[20,60],"T":[7,21],"R":[0,0],"W":[0,0],"S":0,"D":488,"F":12,"N":[9293,3692],"X":[177,359],"U":104,"UC":0,"TV":0,"LOG":[2,2],
220.40 220.55 DLR=-20,60 : "Q":5,"I":52,"L":318,"P":[39,127],"T":[7,21],"R":[0,8],"W":[0,24],"S":4,"D":489,"F":11,"N":[9007,4344],"X":[178,360],"U":108,"UC":0,"TV":0,"LOG":[4,4],
220.77 220.92 DLR=0,0 : "Q":3,"I":53,"L":364,"P":[0,0],"T":[7,21],"R":[0,0],"W":[0,0],"S":0,"D":499,"F":1,"N":[1690,9856],"X":[182,368],"U":102,"UC":0,"TV":0,"LOG":[8,0],
223.06 223.31 Log : "Q":4,"I":54,"LCNT":8,"LOGR":"0:50:150:(0,0)(7,21)(-19,13)(0,0)(20,60);1:50:150:(0,0)(7,21)(-19,13)(0,0)(20,60);2:51:159:(0,0)(7,21)(-2,27)(7,21)(29,105);3:51:150:(0,8)(7,13)(6,26)(0,-8)(39,127);4:52:169:(0,26)(7,-5)(10,8)(0,-18)(51,117);5:52:150:(0,34)(7,-13)(12,-9)(0,-8)(64,96);6:52:150:(0,37)(7,-16)(13,-20)(0,-3)(77,69);7:53:22:(0,36)(7,-15)(13,-25)(0,1)(90,42);",
223.57 223.71 DLR=0,0 : "Q":3,"I":55,"L":3145,"P":[0,0],"T":[7,21],"R":[0,0],"W":[0,0],"S":0,"D":499,"F":1,"N":[1690,9856],"X":[182,368],"U":74,"UC":0,"TV":0,"LOG":[0,0],
230.80 230.95 DLR=100,100 : "Q":1,"I":56,"L":0,"P":[100,100],"T":[35,35],"R":[0,0],"W":[0,0],"S":0,"D":499,"F":1,"N":[1690,9856],"X":[182,368],"U":83,"UC":0,"TV":1,"LOG":[0,0],
231.32 231.47 DLR=100,100 : "Q":5,"I":57,"L":521,"P":[100,100],"T":[35,35],"R":[26,32],"W":[78,96],"S":29,"D":510,"F":0,"N":[697,9976],"X":[183,379],"U":40,"UC":0,"TV":0,"LOG":[3,3],
231.73 231.88 DLR=100,100 : "Q":5,"I":58,"L":406,"P":[101,80],"T":[35,35],"R":[34,40],"W":[102,120],"S":37,"D":526,"F":0,"N":[458,9990],"X":[184,395],"U":38,"UC":0,"TV":0,"LOG":[5,5],
232.05 232.20 DLR=100,100 : "Q":5,"I":59,"L":322,"P":[94,72],"T":[35,35],"R":[37,37],"W":[111,111],"S":37,"D":542,"F":0,"N":[458,9990],"X":[185,411],"U":96,"UC":0,"TV":0,"LOG":[7,7],
232.42 232.57 DLR=0,0 : "Q":3,"I":60,"L":367,"P":[0,0],"T":[35,35],"R":[0,0],"W":[0,0],"S":0,"D":565,"F":0,"N":[927,9957],"X":[186,434],"U":85,"UC":0,"TV":0,"LOG":[11,3],
233.94 234.20 Log : "Q":4,"I":61,"LCNT":11,"LOGR":"8:59:150:(34,37)(1,-2)(0,-2)(2,-3)(95,70);9:59:150:(34,32)(1,3)(1,2)(0,5)(96,76);10:60:25:(48,32)(-13,3)(-13,4)(-14,0)(70,81);3:57:185:(38,36)(-3,-1)(3,-13)(-3,-1)(97,92);4:57:150:(34,40)(1,-5)(2,-11)(4,-4)(101,80);5:58:182:(37,37)(-2,-2)(-1,-7)(-3,3)(97,76);6:58:150:(37,37)(-2,-2)(-2,-5)(0,0)(94,72);7:59:174:(36,34)(-1,1)(-2,-1)(1,3)(93,74);",
234.37 234.51 DLR=0,0 : "Q":3,"I":62,"L":2300,"P":[0,0],"T":[35,35],"R":[0,0],"W":[0,0],"S":0,"D":565,"F":0,"N":[927,9957],"X":[186,434],"U":76,"UC":0,"TV":0,"LOG":[0,0],
